.\Win32Debug\LargeModelViewer.pdb
C:\Program Files (x86)\Mercury\OIV8.0\src\Inventor\demos\LargeModelViewerWin32\.\Win32Debug\LargeModelViewer.exe.intermediate.manifest
C:\Program Files (x86)\Mercury\OIV8.0\src\Inventor\demos\LargeModelViewerWin32\Win32Debug\cl.command.1.tlog
C:\Program Files (x86)\Mercury\OIV8.0\src\Inventor\demos\LargeModelViewerWin32\Win32Debug\CL.read.1.tlog
C:\Program Files (x86)\Mercury\OIV8.0\src\Inventor\demos\LargeModelViewerWin32\Win32Debug\CL.write.1.tlog
C:\PROGRAM FILES (X86)\MERCURY\OIV8.0\SRC\INVENTOR\DEMOS\LARGEMODELVIEWERWIN32\WIN32DEBUG\DECIMATIONSTRATEGYDIALOG.OBJ
C:\PROGRAM FILES (X86)\MERCURY\OIV8.0\SRC\INVENTOR\DEMOS\LARGEMODELVIEWERWIN32\WIN32DEBUG\INLINELOADER.OBJ
C:\Program Files (x86)\Mercury\OIV8.0\src\Inventor\demos\LargeModelViewerWin32\Win32Debug\LargeModelViewer.exe.embed.manifest
C:\PROGRAM FILES (X86)\MERCURY\OIV8.0\SRC\INVENTOR\DEMOS\LARGEMODELVIEWERWIN32\WIN32DEBUG\LARGEMODELVIEWER.EXE.EMBED.MANIFEST.RES
C:\Program Files (x86)\Mercury\OIV8.0\src\Inventor\demos\LargeModelViewerWin32\Win32Debug\LargeModelViewer.exe.intermediate.manifest
C:\PROGRAM FILES (X86)\MERCURY\OIV8.0\SRC\INVENTOR\DEMOS\LARGEMODELVIEWERWIN32\WIN32DEBUG\LARGEMODELVIEWER.OBJ
C:\Program Files (x86)\Mercury\OIV8.0\src\Inventor\demos\LargeModelViewerWin32\Win32Debug\LargeModelViewer.pdb
C:\PROGRAM FILES (X86)\MERCURY\OIV8.0\SRC\INVENTOR\DEMOS\LARGEMODELVIEWERWIN32\WIN32DEBUG\LARGEMODELVIEWER.RES
C:\Program Files (x86)\Mercury\OIV8.0\src\Inventor\demos\LargeModelViewerWin32\Win32Debug\LargeModelViewer.write.1.tlog
C:\Program Files (x86)\Mercury\OIV8.0\src\Inventor\demos\LargeModelViewerWin32\Win32Debug\LargeModelViewer_manifest.rc
C:\PROGRAM FILES (X86)\MERCURY\OIV8.0\SRC\INVENTOR\DEMOS\LARGEMODELVIEWERWIN32\WIN32DEBUG\LARGEMODELVIEWERDOC.OBJ
C:\PROGRAM FILES (X86)\MERCURY\OIV8.0\SRC\INVENTOR\DEMOS\LARGEMODELVIEWERWIN32\WIN32DEBUG\LARGEMODELVIEWERVIEW.OBJ
C:\Program Files (x86)\Mercury\OIV8.0\src\Inventor\demos\LargeModelViewerWin32\Win32Debug\link.command.1.tlog
C:\Program Files (x86)\Mercury\OIV8.0\src\Inventor\demos\LargeModelViewerWin32\Win32Debug\link.read.1.tlog
C:\Program Files (x86)\Mercury\OIV8.0\src\Inventor\demos\LargeModelViewerWin32\Win32Debug\link.write.1.tlog
C:\Program Files (x86)\Mercury\OIV8.0\src\Inventor\demos\LargeModelViewerWin32\Win32Debug\link-cvtres.read.1.tlog
C:\Program Files (x86)\Mercury\OIV8.0\src\Inventor\demos\LargeModelViewerWin32\Win32Debug\link-cvtres.write.1.tlog
C:\PROGRAM FILES (X86)\MERCURY\OIV8.0\SRC\INVENTOR\DEMOS\LARGEMODELVIEWERWIN32\WIN32DEBUG\MAINFRM.OBJ
C:\PROGRAM FILES (X86)\MERCURY\OIV8.0\SRC\INVENTOR\DEMOS\LARGEMODELVIEWERWIN32\WIN32DEBUG\OCTREEORDERINGDIALOG.OBJ
C:\Program Files (x86)\Mercury\OIV8.0\src\Inventor\demos\LargeModelViewerWin32\Win32Debug\rc.command.1.tlog
C:\Program Files (x86)\Mercury\OIV8.0\src\Inventor\demos\LargeModelViewerWin32\Win32Debug\rc.read.1.tlog
C:\Program Files (x86)\Mercury\OIV8.0\src\Inventor\demos\LargeModelViewerWin32\Win32Debug\rc.write.1.tlog
C:\PROGRAM FILES (X86)\MERCURY\OIV8.0\SRC\INVENTOR\DEMOS\LARGEMODELVIEWERWIN32\WIN32DEBUG\VALUEORDERINGDIALOG.OBJ
C:\Program Files (x86)\Mercury\OIV8.0\src\Inventor\demos\LargeModelViewerWin32\Win32Debug\vc100.idb
C:\PROGRAM FILES (X86)\MERCURY\OIV8.0\SRC\INVENTOR\DEMOS\LARGEMODELVIEWERWIN32\WIN32DEBUG\VC100.PDB
