生成启动时间为 2013/7/18 14:29:31。
     1>项目“C:\Users\Lio\Documents\GitHub\OpenInventorSiemens - 测试窗口框架\LargeModelViewerWin32\LargeModelViewer.vc80.vcxproj”在节点 2 上(build 个目标)。
     1>InitializeBuildStatus:
         正在对“.\Win32Debug\LargeModelViewer.unsuccessfulbuild”执行 Touch 任务。
       ClCompile:
         C:\Program Files (x86)\Microsoft Visual Studio 10.0\VC\bin\CL.exe /c /ZI /nologo /W3 /WX- /Od /Oy- /D WIN32 /D _DEBUG /D _WINDOWS /D _CRT_SECURE_NO_WARNINGS /D _VC80_UPGRADE=0x0710 /D _MBCS /D _AFXDLL /Gm- /EHsc /RTC1 /MDd /GS /fp:precise /Zc:wchar_t /Zc:forScope /Fo".\Win32Debug/" /Fd".\Win32Debug/vc100.pdb" /Gd /TP /analyze- /errorReport:prompt LargeModelViewer.cxx LargeModelViewerDoc.cxx LargeModelViewerView.cxx MainFrm.cxx PropertiesWnd.cpp
         LargeModelViewer.cxx
     1>c:\program files (x86)\mercury\oiv8.0\include\soversion.h : warning C4819: 该文件包含不能在当前代码页(936)中表示的字符。请将该文件保存为 Unicode 格式以防止数据丢失
     1>c:\program files (x86)\mercury\oiv8.0\include\soversion.h : warning C4819: 该文件包含不能在当前代码页(936)中表示的字符。请将该文件保存为 Unicode 格式以防止数据丢失
     1>c:\program files (x86)\mercury\oiv8.0\include\soversion.h : warning C4819: 该文件包含不能在当前代码页(936)中表示的字符。请将该文件保存为 Unicode 格式以防止数据丢失
     1>c:\program files (x86)\mercury\oiv8.0\include\soversion.h : warning C4819: 该文件包含不能在当前代码页(936)中表示的字符。请将该文件保存为 Unicode 格式以防止数据丢失
     1>c:\users\lio\documents\github\openinventorsiemens - 测试窗口框架\largemodelviewerwin32\largemodelviewer.cxx(107): warning C4996: 'CWinApp::Enable3dControls': CWinApp::Enable3dControls is no longer needed. You should remove this call.
                 c:\program files (x86)\microsoft visual studio 10.0\vc\atlmfc\include\afxwin.h(5380) : 参见“CWinApp::Enable3dControls”的声明
         LargeModelViewerDoc.cxx
     1>c:\program files (x86)\mercury\oiv8.0\include\soversion.h : warning C4819: 该文件包含不能在当前代码页(936)中表示的字符。请将该文件保存为 Unicode 格式以防止数据丢失
     1>c:\program files (x86)\mercury\oiv8.0\include\soversion.h : warning C4819: 该文件包含不能在当前代码页(936)中表示的字符。请将该文件保存为 Unicode 格式以防止数据丢失
     1>c:\program files (x86)\mercury\oiv8.0\include\inventor\nodes\sotransparencytype.h : warning C4819: 该文件包含不能在当前代码页(936)中表示的字符。请将该文件保存为 Unicode 格式以防止数据丢失
     1>c:\program files (x86)\mercury\oiv8.0\include\inventor\elements\sotransparencytypeelement.h : warning C4819: 该文件包含不能在当前代码页(936)中表示的字符。请将该文件保存为 Unicode 格式以防止数据丢失
     1>c:\program files (x86)\mercury\oiv8.0\include\inventor\nodes\sotransparencytype.h : warning C4819: 该文件包含不能在当前代码页(936)中表示的字符。请将该文件保存为 Unicode 格式以防止数据丢失
     1>c:\users\lio\documents\github\openinventorsiemens - 测试窗口框架\largemodelviewerwin32\largemodelviewerdoc.cxx(372): warning C4101: “pos”: 未引用的局部变量
         LargeModelViewerView.cxx
     1>c:\program files (x86)\mercury\oiv8.0\include\soversion.h : warning C4819: 该文件包含不能在当前代码页(936)中表示的字符。请将该文件保存为 Unicode 格式以防止数据丢失
     1>c:\program files (x86)\mercury\oiv8.0\include\soversion.h : warning C4819: 该文件包含不能在当前代码页(936)中表示的字符。请将该文件保存为 Unicode 格式以防止数据丢失
     1>c:\program files (x86)\mercury\oiv8.0\include\inventor\nodes\sotransparencytype.h : warning C4819: 该文件包含不能在当前代码页(936)中表示的字符。请将该文件保存为 Unicode 格式以防止数据丢失
     1>c:\program files (x86)\mercury\oiv8.0\include\inventor\elements\sotransparencytypeelement.h : warning C4819: 该文件包含不能在当前代码页(936)中表示的字符。请将该文件保存为 Unicode 格式以防止数据丢失
     1>c:\program files (x86)\mercury\oiv8.0\include\soversion.h : warning C4819: 该文件包含不能在当前代码页(936)中表示的字符。请将该文件保存为 Unicode 格式以防止数据丢失
     1>c:\program files (x86)\mercury\oiv8.0\include\soversion.h : warning C4819: 该文件包含不能在当前代码页(936)中表示的字符。请将该文件保存为 Unicode 格式以防止数据丢失
     1>c:\program files (x86)\mercury\oiv8.0\include\soversion.h : warning C4819: 该文件包含不能在当前代码页(936)中表示的字符。请将该文件保存为 Unicode 格式以防止数据丢失
     1>c:\program files (x86)\mercury\oiv8.0\include\soversion.h : warning C4819: 该文件包含不能在当前代码页(936)中表示的字符。请将该文件保存为 Unicode 格式以防止数据丢失
         MainFrm.cxx
     1>c:\program files (x86)\mercury\oiv8.0\include\soversion.h : warning C4819: 该文件包含不能在当前代码页(936)中表示的字符。请将该文件保存为 Unicode 格式以防止数据丢失
     1>c:\program files (x86)\mercury\oiv8.0\include\soversion.h : warning C4819: 该文件包含不能在当前代码页(936)中表示的字符。请将该文件保存为 Unicode 格式以防止数据丢失
     1>c:\program files (x86)\mercury\oiv8.0\include\soversion.h : warning C4819: 该文件包含不能在当前代码页(936)中表示的字符。请将该文件保存为 Unicode 格式以防止数据丢失
     1>c:\program files (x86)\mercury\oiv8.0\include\soversion.h : warning C4819: 该文件包含不能在当前代码页(936)中表示的字符。请将该文件保存为 Unicode 格式以防止数据丢失
     1>c:\users\lio\documents\github\openinventorsiemens - 测试窗口框架\largemodelviewerwin32\mainfrm.cxx(125): error C2352: “CFrameWndEx::EnableDocking”: 非静态成员函数的非法调用
                 c:\program files (x86)\microsoft visual studio 10.0\vc\atlmfc\include\afxframewndex.h(85) : 参见“CFrameWndEx::EnableDocking”的声明
     1>c:\users\lio\documents\github\openinventorsiemens - 测试窗口框架\largemodelviewerwin32\mainfrm.cxx(126): error C2352: “CFrameWnd::DockControlBar”: 非静态成员函数的非法调用
                 c:\program files (x86)\microsoft visual studio 10.0\vc\atlmfc\include\afxwin.h(4308) : 参见“CFrameWnd::DockControlBar”的声明
     1>c:\users\lio\documents\github\openinventorsiemens - 测试窗口框架\largemodelviewerwin32\mainfrm.cxx(129): error C2352: “CFrameWndEx::EnableDocking”: 非静态成员函数的非法调用
                 c:\program files (x86)\microsoft visual studio 10.0\vc\atlmfc\include\afxframewndex.h(85) : 参见“CFrameWndEx::EnableDocking”的声明
     1>c:\users\lio\documents\github\openinventorsiemens - 测试窗口框架\largemodelviewerwin32\mainfrm.cxx(130): error C3861: “DockPane”: 找不到标识符
     1>c:\users\lio\documents\github\openinventorsiemens - 测试窗口框架\largemodelviewerwin32\mainfrm.cxx(136): error C2352: “CWnd::GetSafeHwnd”: 非静态成员函数的非法调用
                 c:\program files (x86)\microsoft visual studio 10.0\vc\atlmfc\include\afxwin.h(2299) : 参见“CWnd::GetSafeHwnd”的声明
     1>c:\users\lio\documents\github\openinventorsiemens - 测试窗口框架\largemodelviewerwin32\mainfrm.cxx(145): error C2352: “CWnd::GetSafeHwnd”: 非静态成员函数的非法调用
                 c:\program files (x86)\microsoft visual studio 10.0\vc\atlmfc\include\afxwin.h(2299) : 参见“CWnd::GetSafeHwnd”的声明
     1>c:\users\lio\documents\github\openinventorsiemens - 测试窗口框架\largemodelviewerwin32\mainfrm.cxx(146): error C2352: “CWnd::DragAcceptFiles”: 非静态成员函数的非法调用
                 c:\program files (x86)\microsoft visual studio 10.0\vc\atlmfc\include\afxwin.h(2695) : 参见“CWnd::DragAcceptFiles”的声明
     1>c:\users\lio\documents\github\openinventorsiemens - 测试窗口框架\largemodelviewerwin32\mainfrm.cxx(209): error C2352: “CFrameWnd::GetActiveDocument”: 非静态成员函数的非法调用
                 c:\program files (x86)\microsoft visual studio 10.0\vc\atlmfc\include\afxwin.h(4228) : 参见“CFrameWnd::GetActiveDocument”的声明
     1>c:\users\lio\documents\github\openinventorsiemens - 测试窗口框架\largemodelviewerwin32\mainfrm.cxx(209): error C2227: “->switchOrderingNode”的左边必须指向类/结构/联合/泛型类型
     1>c:\users\lio\documents\github\openinventorsiemens - 测试窗口框架\largemodelviewerwin32\mainfrm.cxx(212): error C2352: “CFrameWnd::GetMenu”: 非静态成员函数的非法调用
                 c:\program files (x86)\microsoft visual studio 10.0\vc\atlmfc\include\afxwin.h(4252) : 参见“CFrameWnd::GetMenu”的声明
         PropertiesWnd.cpp
         正在生成代码...
     1>已完成生成项目“C:\Users\Lio\Documents\GitHub\OpenInventorSiemens - 测试窗口框架\LargeModelViewerWin32\LargeModelViewer.vc80.vcxproj”(build 个目标)的操作 - 失败。

生成失败。

已用时间 00:00:19.28
