生成启动时间为 2013/5/7 14:04:41。
     1>项目“C:\Program Files (x86)\Mercury\OIV8.0\src\Inventor\examples\Features\FastEditing\FastEditing.vc80.vcxproj”在节点 2 上(build 个目标)。
     1>InitializeBuildStatus:
         正在创建“.\Win32Debug\FastEditing.unsuccessfulbuild”，因为已指定“AlwaysCreate”。
       ClCompile:
         C:\Program Files (x86)\Microsoft Visual Studio 10.0\VC\bin\CL.exe /c /I. /ZI /nologo /W1 /WX- /Od /Oy- /D _DEBUG /D DEBUG /D WIN32 /D _WINDOWS /D __ANSI_CPP__ /D __STDC__ /Gm- /EHsc /MDd /GS /fp:precise /Zc:wchar_t /Zc:forScope /Fo".\Win32Debug/" /Fd".\Win32Debug/vc100.pdb" /FR".\Win32Debug/" /Gd /TP /analyze- /errorReport:prompt FastEditing.cxx
         FastEditing.cxx
     1>c:\program files (x86)\mercury\oiv8.0\include\soversion.h : warning C4819: 该文件包含不能在当前代码页(936)中表示的字符。请将该文件保存为 Unicode 格式以防止数据丢失
     1>c:\program files (x86)\mercury\oiv8.0\include\soversion.h : warning C4819: 该文件包含不能在当前代码页(936)中表示的字符。请将该文件保存为 Unicode 格式以防止数据丢失
     1>c:\program files (x86)\mercury\oiv8.0\include\soversion.h : warning C4819: 该文件包含不能在当前代码页(936)中表示的字符。请将该文件保存为 Unicode 格式以防止数据丢失
     1>c:\program files (x86)\mercury\oiv8.0\include\soversion.h : warning C4819: 该文件包含不能在当前代码页(936)中表示的字符。请将该文件保存为 Unicode 格式以防止数据丢失
     1>c:\program files (x86)\mercury\oiv8.0\include\inventor\nodes\sotransparencytype.h : warning C4819: 该文件包含不能在当前代码页(936)中表示的字符。请将该文件保存为 Unicode 格式以防止数据丢失
     1>c:\program files (x86)\mercury\oiv8.0\include\inventor\elements\sotransparencytypeelement.h : warning C4819: 该文件包含不能在当前代码页(936)中表示的字符。请将该文件保存为 Unicode 格式以防止数据丢失
     1>c:\program files (x86)\mercury\oiv8.0\include\soversion.h : warning C4819: 该文件包含不能在当前代码页(936)中表示的字符。请将该文件保存为 Unicode 格式以防止数据丢失
     1>c:\program files (x86)\mercury\oiv8.0\include\soversion.h : warning C4819: 该文件包含不能在当前代码页(936)中表示的字符。请将该文件保存为 Unicode 格式以防止数据丢失
     1>c:\program files (x86)\mercury\oiv8.0\include\soversion.h : warning C4819: 该文件包含不能在当前代码页(936)中表示的字符。请将该文件保存为 Unicode 格式以防止数据丢失
     1>c:\program files (x86)\mercury\oiv8.0\include\dialogviz\dialog\sodialogslider.h : warning C4819: 该文件包含不能在当前代码页(936)中表示的字符。请将该文件保存为 Unicode 格式以防止数据丢失
     1>c:\program files (x86)\mercury\oiv8.0\include\dialogviz\dialog\sodialogslider.h : warning C4819: 该文件包含不能在当前代码页(936)中表示的字符。请将该文件保存为 Unicode 格式以防止数据丢失
     1>c:\program files (x86)\mercury\oiv8.0\include\soversion.h : warning C4819: 该文件包含不能在当前代码页(936)中表示的字符。请将该文件保存为 Unicode 格式以防止数据丢失
       ManifestResourceCompile:
         C:\Program Files (x86)\Microsoft SDKs\Windows\v7.0A\bin\rc.exe /nologo /fo".\Win32Debug\FastEditing.exe.embed.manifest.res" .\Win32Debug\FastEditing_manifest.rc 
       Link:
         C:\Program Files (x86)\Microsoft Visual Studio 10.0\VC\bin\link.exe /ERRORREPORT:PROMPT /OUT:".\Win32Debug/FastEditing.exe" /INCREMENTAL /NOLOGO wsock32.lib glu32.lib opengl32.lib kernel32.lib user32.lib gdi32.lib winspool.lib comdlg32.lib advapi32.lib shell32.lib ole32.lib oleaut32.lib uuid.lib odbc32.lib odbccp32.lib /MANIFEST /ManifestFile:".\Win32Debug\FastEditing.exe.intermediate.manifest" /MANIFESTUAC:"level='asInvoker' uiAccess='false'" /DEBUG /PDB:".\Win32Debug/FastEditing.pdb" /SUBSYSTEM:WINDOWS /TLBID:1 /DYNAMICBASE /NXCOMPAT /IMPLIB:".\Win32Debug\FastEditing.lib" /MACHINE:X86 .\Win32Debug\FastEditing.exe.embed.manifest.res
         .\Win32Debug/FastEditing.obj
     1>InventorUD.lib(SoWinWinMain.obj) : warning LNK4099: 未找到 PDB“inventorud.pdb”(使用“InventorUD.lib(SoWinWinMain.obj)”或在“C:\Program Files (x86)\Mercury\OIV8.0\src\Inventor\examples\Features\FastEditing\Win32Debug\inventorud.pdb”中寻找)；正在链接对象，如同没有调试信息一样
       Manifest:
         C:\Program Files (x86)\Microsoft SDKs\Windows\v7.0A\bin\mt.exe /nologo /verbose /out:".\Win32Debug\FastEditing.exe.embed.manifest" /manifest .\Win32Debug\FastEditing.exe.intermediate.manifest "C:\Program Files (x86)\Microsoft Visual Studio 10.0\VC\Include\Manifest\dpiaware.manifest"
         C:\Program Files (x86)\Microsoft SDKs\Windows\v7.0A\bin\rc.exe /nologo /fo".\Win32Debug\FastEditing.exe.embed.manifest.res" .\Win32Debug\FastEditing_manifest.rc 
       LinkEmbedManifest:
         C:\Program Files (x86)\Microsoft Visual Studio 10.0\VC\bin\link.exe /ERRORREPORT:PROMPT /OUT:".\Win32Debug/FastEditing.exe" /INCREMENTAL /NOLOGO wsock32.lib glu32.lib opengl32.lib kernel32.lib user32.lib gdi32.lib winspool.lib comdlg32.lib advapi32.lib shell32.lib ole32.lib oleaut32.lib uuid.lib odbc32.lib odbccp32.lib /MANIFEST /ManifestFile:".\Win32Debug\FastEditing.exe.intermediate.manifest" /MANIFESTUAC:"level='asInvoker' uiAccess='false'" /DEBUG /PDB:".\Win32Debug/FastEditing.pdb" /SUBSYSTEM:WINDOWS /TLBID:1 /DYNAMICBASE /NXCOMPAT /IMPLIB:".\Win32Debug\FastEditing.lib" /MACHINE:X86 .\Win32Debug\FastEditing.exe.embed.manifest.res
         .\Win32Debug/FastEditing.obj
     1>InventorUD.lib(SoWinWinMain.obj) : warning LNK4099: 未找到 PDB“inventorud.pdb”(使用“InventorUD.lib(SoWinWinMain.obj)”或在“C:\Program Files (x86)\Mercury\OIV8.0\src\Inventor\examples\Features\FastEditing\Win32Debug\inventorud.pdb”中寻找)；正在链接对象，如同没有调试信息一样
         FastEditing.vc80.vcxproj -> C:\Program Files (x86)\Mercury\OIV8.0\src\Inventor\examples\Features\FastEditing\.\Win32Debug\FastEditing.exe
       BscMake:
         C:\Program Files (x86)\Microsoft Visual Studio 10.0\VC\bin\bscmake.exe /nologo /o".\Win32Debug\FastEditing.bsc" .\Win32Debug/FastEditing.sbr
       FinalizeBuildStatus:
         正在删除文件“.\Win32Debug\FastEditing.unsuccessfulbuild”。
         正在对“.\Win32Debug\FastEditing.lastbuildstate”执行 Touch 任务。
     1>已完成生成项目“C:\Program Files (x86)\Mercury\OIV8.0\src\Inventor\examples\Features\FastEditing\FastEditing.vc80.vcxproj”(build 个目标)的操作。

生成成功。

已用时间 00:00:04.72
