生成启动时间为 2013/5/9 17:28:57。
     1>项目“C:\Users\Lio\Documents\GitHub\SIEMENS_Bus\项目相关文件夹\布尔运算代码\csgOperation.vc80.vcxproj”在节点 2 上(build 个目标)。
     1>InitializeBuildStatus:
         正在创建“.\Win32Debug\CSGOperation.unsuccessfulbuild”，因为已指定“AlwaysCreate”。
       ClCompile:
         C:\Program Files (x86)\Microsoft Visual Studio 9.0\VC\bin\CL.exe /c /ZI /nologo /W3 /WX- /Od /Oy- /D WIN32 /D _DEBUG /D _CONSOLE /D _VC80_UPGRADE=0x0710 /D _MBCS /Gm- /EHsc /RTC1 /MTd /GS /fp:precise /Zc:wchar_t /Zc:forScope /Fo".\Win32Debug/" /Fd".\Win32Debug/vc100.pdb" /Gd /TP /analyze- /errorReport:prompt csgOperation.cxx
         csgOperation.cxx
     1>c:\program files (x86)\mercury\oiv8.0\include\soversion.h : warning C4819: 该文件包含不能在当前代码页(936)中表示的字符。请将该文件保存为 Unicode 格式以防止数据丢失
     1>c:\program files (x86)\mercury\oiv8.0\include\soversion.h : warning C4819: 该文件包含不能在当前代码页(936)中表示的字符。请将该文件保存为 Unicode 格式以防止数据丢失
     1>c:\program files (x86)\mercury\oiv8.0\include\soversion.h : warning C4819: 该文件包含不能在当前代码页(936)中表示的字符。请将该文件保存为 Unicode 格式以防止数据丢失
     1>c:\program files (x86)\mercury\oiv8.0\include\soversion.h : warning C4819: 该文件包含不能在当前代码页(936)中表示的字符。请将该文件保存为 Unicode 格式以防止数据丢失
     1>c:\program files (x86)\mercury\oiv8.0\include\inventor\nodes\sotransparencytype.h : warning C4819: 该文件包含不能在当前代码页(936)中表示的字符。请将该文件保存为 Unicode 格式以防止数据丢失
     1>c:\program files (x86)\mercury\oiv8.0\include\inventor\elements\sotransparencytypeelement.h : warning C4819: 该文件包含不能在当前代码页(936)中表示的字符。请将该文件保存为 Unicode 格式以防止数据丢失
     1>c:\program files (x86)\mercury\oiv8.0\include\soversion.h : warning C4819: 该文件包含不能在当前代码页(936)中表示的字符。请将该文件保存为 Unicode 格式以防止数据丢失
     1>c:\program files (x86)\mercury\oiv8.0\include\soversion.h : warning C4819: 该文件包含不能在当前代码页(936)中表示的字符。请将该文件保存为 Unicode 格式以防止数据丢失
     1>c:\program files (x86)\mercury\oiv8.0\include\soversion.h : warning C4819: 该文件包含不能在当前代码页(936)中表示的字符。请将该文件保存为 Unicode 格式以防止数据丢失
       Link:
         C:\Program Files (x86)\Microsoft Visual Studio 9.0\VC\bin\link.exe /ERRORREPORT:PROMPT /OUT:".\Win32Debug/csgOperation.exe" /INCREMENTAL:NO /NOLOGO kernel32.lib user32.lib gdi32.lib winspool.lib comdlg32.lib advapi32.lib shell32.lib ole32.lib oleaut32.lib uuid.lib odbc32.lib odbccp32.lib /MANIFEST /ManifestFile:".\Win32Debug\CSGOperation.exe.intermediate.manifest" /MANIFESTUAC:"level='asInvoker' uiAccess='false'" /DEBUG /PDB:".\Win32Debug/csgOperation.pdb" /SUBSYSTEM:CONSOLE /TLBID:1 /DYNAMICBASE /NXCOMPAT /IMPLIB:".\Win32Debug\CSGOperation.lib" /MACHINE:X86 .\Win32Debug/csgOperation.obj
     1>csgOperation.obj : warning LNK4075: 忽略“/EDITANDCONTINUE”(由于“/INCREMENTAL:NO”规范)
         csgOperation.vc80.vcxproj -> C:\Users\Lio\Documents\GitHub\SIEMENS_Bus\项目相关文件夹\布尔运算代码\.\Win32Debug\CSGOperation.exe
       Manifest:
         C:\Program Files\Microsoft SDKs\Windows\v6.0A\bin\mt.exe /nologo /verbose /outputresource:".\Win32Debug/csgOperation.exe;#1" /manifest .\Win32Debug\CSGOperation.exe.intermediate.manifest
       FinalizeBuildStatus:
         正在删除文件“.\Win32Debug\CSGOperation.unsuccessfulbuild”。
         正在对“.\Win32Debug\CSGOperation.lastbuildstate”执行 Touch 任务。
     1>已完成生成项目“C:\Users\Lio\Documents\GitHub\SIEMENS_Bus\项目相关文件夹\布尔运算代码\csgOperation.vc80.vcxproj”(build 个目标)的操作。

生成成功。

已用时间 00:00:02.23
