.\Win32Debug\SpaceBall.bsc
.\Win32Debug\SpaceBall.ilk
.\Win32Debug\SpaceBall.pdb
C:\Users\Lio\Documents\GitHub\SIEMENS_Bus\项目相关文件夹\MagellanMyView\.\Win32Debug\SpaceBall.exe
C:\Users\Lio\Documents\GitHub\SIEMENS_Bus\项目相关文件夹\MagellanMyView\.\Win32Debug\SpaceBall.exe.intermediate.manifest
C:\Users\Lio\Documents\GitHub\SIEMENS_Bus\项目相关文件夹\MagellanMyView\Win32Debug\BscMake.command.1.tlog
C:\Users\Lio\Documents\GitHub\SIEMENS_Bus\项目相关文件夹\MagellanMyView\Win32Debug\bscmake.read.1.tlog
C:\Users\Lio\Documents\GitHub\SIEMENS_Bus\项目相关文件夹\MagellanMyView\Win32Debug\bscmake.write.1.tlog
C:\Users\Lio\Documents\GitHub\SIEMENS_Bus\项目相关文件夹\MagellanMyView\Win32Debug\cl.command.1.tlog
C:\Users\Lio\Documents\GitHub\SIEMENS_Bus\项目相关文件夹\MagellanMyView\Win32Debug\CL.read.1.tlog
C:\Users\Lio\Documents\GitHub\SIEMENS_Bus\项目相关文件夹\MagellanMyView\Win32Debug\CL.write.1.tlog
C:\Users\Lio\Documents\GitHub\SIEMENS_Bus\项目相关文件夹\MagellanMyView\Win32Debug\link.4444.read.1.tlog
C:\Users\Lio\Documents\GitHub\SIEMENS_Bus\项目相关文件夹\MagellanMyView\Win32Debug\link.4444.write.1.tlog
C:\Users\Lio\Documents\GitHub\SIEMENS_Bus\项目相关文件夹\MagellanMyView\Win32Debug\link.4444-cvtres.read.1.tlog
C:\Users\Lio\Documents\GitHub\SIEMENS_Bus\项目相关文件夹\MagellanMyView\Win32Debug\link.4444-cvtres.write.1.tlog
C:\Users\Lio\Documents\GitHub\SIEMENS_Bus\项目相关文件夹\MagellanMyView\Win32Debug\link.command.1.tlog
C:\Users\Lio\Documents\GitHub\SIEMENS_Bus\项目相关文件夹\MagellanMyView\Win32Debug\link.read.1.tlog
C:\Users\Lio\Documents\GitHub\SIEMENS_Bus\项目相关文件夹\MagellanMyView\Win32Debug\link.write.1.tlog
C:\Users\Lio\Documents\GitHub\SIEMENS_Bus\项目相关文件夹\MagellanMyView\Win32Debug\link-cvtres.read.1.tlog
C:\Users\Lio\Documents\GitHub\SIEMENS_Bus\项目相关文件夹\MagellanMyView\Win32Debug\link-cvtres.write.1.tlog
C:\Users\Lio\Documents\GitHub\SIEMENS_Bus\项目相关文件夹\MagellanMyView\Win32Debug\mt.command.1.tlog
C:\Users\Lio\Documents\GitHub\SIEMENS_Bus\项目相关文件夹\MagellanMyView\Win32Debug\mt.read.1.tlog
C:\Users\Lio\Documents\GitHub\SIEMENS_Bus\项目相关文件夹\MagellanMyView\Win32Debug\mt.write.1.tlog
C:\Users\Lio\Documents\GitHub\SIEMENS_Bus\项目相关文件夹\MagellanMyView\Win32Debug\rc.command.1.tlog
C:\Users\Lio\Documents\GitHub\SIEMENS_Bus\项目相关文件夹\MagellanMyView\Win32Debug\rc.read.1.tlog
C:\Users\Lio\Documents\GitHub\SIEMENS_Bus\项目相关文件夹\MagellanMyView\Win32Debug\rc.write.1.tlog
C:\USERS\LIO\DOCUMENTS\GITHUB\SIEMENS_BUS\项目相关文件夹\MAGELLANMYVIEW\WIN32DEBUG\SPACEBALL.BSC
C:\USERS\LIO\DOCUMENTS\GITHUB\SIEMENS_BUS\项目相关文件夹\MAGELLANMYVIEW\WIN32DEBUG\SPACEBALL.EXE
C:\USERS\LIO\DOCUMENTS\GITHUB\SIEMENS_BUS\项目相关文件夹\MAGELLANMYVIEW\WIN32DEBUG\SPACEBALL.EXE.EMBED.MANIFEST
C:\USERS\LIO\DOCUMENTS\GITHUB\SIEMENS_BUS\项目相关文件夹\MAGELLANMYVIEW\WIN32DEBUG\SPACEBALL.EXE.EMBED.MANIFEST.RES
C:\USERS\LIO\DOCUMENTS\GITHUB\SIEMENS_BUS\项目相关文件夹\MAGELLANMYVIEW\WIN32DEBUG\SPACEBALL.EXE.INTERMEDIATE.MANIFEST
C:\USERS\LIO\DOCUMENTS\GITHUB\SIEMENS_BUS\项目相关文件夹\MAGELLANMYVIEW\WIN32DEBUG\SPACEBALL.ILK
C:\USERS\LIO\DOCUMENTS\GITHUB\SIEMENS_BUS\项目相关文件夹\MAGELLANMYVIEW\WIN32DEBUG\SPACEBALL.OBJ
C:\USERS\LIO\DOCUMENTS\GITHUB\SIEMENS_BUS\项目相关文件夹\MAGELLANMYVIEW\WIN32DEBUG\SPACEBALL.PDB
C:\USERS\LIO\DOCUMENTS\GITHUB\SIEMENS_BUS\项目相关文件夹\MAGELLANMYVIEW\WIN32DEBUG\SPACEBALL.SBR
C:\Users\Lio\Documents\GitHub\SIEMENS_Bus\项目相关文件夹\MagellanMyView\Win32Debug\SpaceBall.write.1.tlog
C:\Users\Lio\Documents\GitHub\SIEMENS_Bus\项目相关文件夹\MagellanMyView\Win32Debug\SpaceBall_manifest.rc
C:\Users\Lio\Documents\GitHub\SIEMENS_Bus\项目相关文件夹\MagellanMyView\Win32Debug\vc100.idb
C:\USERS\LIO\DOCUMENTS\GITHUB\SIEMENS_BUS\项目相关文件夹\MAGELLANMYVIEW\WIN32DEBUG\VC100.PDB
C:\USERS\LIO\DOCUMENTS\GITHUB\SIEMENS_BUS\项目相关文件夹\MAGELLANMYVIEW\WIN32DEBUG\VIEWERTEST.OBJ
C:\USERS\LIO\DOCUMENTS\GITHUB\SIEMENS_BUS\项目相关文件夹\MAGELLANMYVIEW\WIN32DEBUG\VIEWERTEST.SBR
