生成启动时间为 2013/5/18 21:08:09。
     1>项目“C:\Users\Lio\Documents\GitHub\SIEMENS_Bus\项目相关文件夹\ExtSelection\extSelection.vc80.vcxproj”在节点 2 上(build 个目标)。
     1>InitializeBuildStatus:
         正在创建“.\Win32Debug\ExtSelection.unsuccessfulbuild”，因为已指定“AlwaysCreate”。
       ClCompile:
         所有输出均为最新。
       ManifestResourceCompile:
         所有输出均为最新。
       Link:
         所有输出均为最新。
       Manifest:
         C:\Program Files (x86)\Microsoft SDKs\Windows\v7.0A\bin\mt.exe /nologo /verbose /out:".\Win32Debug\ExtSelection.exe.embed.manifest" /manifest .\Win32Debug\ExtSelection.exe.intermediate.manifest "C:\Program Files (x86)\Microsoft Visual Studio 10.0\VC\Include\Manifest\dpiaware.manifest"
         所有输出均为最新。
       BscMake:
         所有输出均为最新。
       FinalizeBuildStatus:
         正在删除文件“.\Win32Debug\ExtSelection.unsuccessfulbuild”。
         正在对“.\Win32Debug\ExtSelection.lastbuildstate”执行 Touch 任务。
     1>已完成生成项目“C:\Users\Lio\Documents\GitHub\SIEMENS_Bus\项目相关文件夹\ExtSelection\extSelection.vc80.vcxproj”(build 个目标)的操作。

生成成功。

已用时间 00:00:00.08
